<?xml version="1.0" encoding="UTF-8"?>
<testng-results ignored="0" total="1" passed="1" failed="0" skipped="0">
  <reporter-output>
  </reporter-output>
  <suite started-at="2024-01-24T18:28:19 IST" name="Default suite" finished-at="2024-01-24T18:28:38 IST" duration-ms="18929">
    <groups>
    </groups>
    <test started-at="2024-01-24T18:28:19 IST" name="Default test" finished-at="2024-01-24T18:28:38 IST" duration-ms="18929">
      <class name="practiceTest.test">
        <test-method signature="youtube()[pri:0, instance:practiceTest.test@1189dd52]" started-at="2024-01-24T18:28:19 IST" name="youtube" finished-at="2024-01-24T18:28:38 IST" duration-ms="18814" status="PASS">
          <reporter-output>
          </reporter-output>
        </test-method> <!-- youtube -->
      </class> <!-- practiceTest.test -->
    </test> <!-- Default test -->
  </suite> <!-- Default suite -->
</testng-results>
